[0.284s] Invoking command in '/root/ros_workspace/build/dynamixel_sdk_custom_interfaces': /usr/bin/cmake --build /root/ros_workspace/build/dynamixel_sdk_custom_interfaces -- -j12 -l12
[0.662s] -- Found ament_cmake: 2.5.4 (/opt/ros/jazzy/share/ament_cmake/cmake)
[1.048s] Traceback (most recent call last):
[1.049s]   File "/opt/ros/jazzy/share/ament_cmake_core/cmake/package_templates/templates_2_cmake.py", line 21, in <module>
[1.049s]     from ament_package.templates import get_environment_hook_template_path
[1.049s] ModuleNotFoundError: No module named 'ament_package'
[1.101s] [31mCMake Error at /opt/ros/jazzy/share/ament_cmake_core/cmake/ament_cmake_package_templates-extras.cmake:41 (message):
[1.101s]   execute_process(/usr/bin/python3
[1.102s]   /opt/ros/jazzy/share/ament_cmake_core/cmake/package_templates/templates_2_cmake.py
[1.102s]   /root/ros_workspace/build/dynamixel_sdk_custom_interfaces/ament_cmake_package_templates/templates.cmake)
[1.113s]   returned error code 1
[1.114s] Call Stack (most recent call first):
[1.115s]   /opt/ros/jazzy/share/ament_cmake_core/cmake/ament_cmake_coreConfig.cmake:41 (include)
[1.115s]   /opt/ros/jazzy/share/ament_cmake/cmake/ament_cmake_export_dependencies-extras.cmake:15 (find_package)
[1.115s]   /opt/ros/jazzy/share/ament_cmake/cmake/ament_cmakeConfig.cmake:41 (include)
[1.115s]   CMakeLists.txt:14 (find_package)
[1.116s] 
[1.116s] [0m
[1.116s] -- Configuring incomplete, errors occurred!
[1.134s] gmake: *** [Makefile:1085: cmake_check_build_system] Error 1
[2.134s] Invoked command in '/root/ros_workspace/build/dynamixel_sdk_custom_interfaces' returned '2': /usr/bin/cmake --build /root/ros_workspace/build/dynamixel_sdk_custom_interfaces -- -j12 -l12
