[  7%] [32mBuilding CXX object CMakeFiles/spatial_hash.dir/src/block.cpp.o[0m
In file included from [01m[K/root/ros_workspace/src/spatial_hash/src/block.cpp:35[m[K:
[01m[K/root/ros_workspace/src/spatial_hash/include/spatial_hash/block.h:41:10:[m[K [01;31m[Kfatal error: [m[Kglog/logging.h: No such file or directory
   41 | #include [01;31m[K<glog/logging.h>[m[K
      |          [01;31m[K^~~~~~~~~~~~~~~~[m[K
compilation terminated.
gmake[2]: *** [CMakeFiles/spatial_hash.dir/build.make:76: CMakeFiles/spatial_hash.dir/src/block.cpp.o] Error 1
gmake[1]: *** [CMakeFiles/Makefile2:128: CMakeFiles/spatial_hash.dir/all] Error 2
gmake: *** [Makefile:146: all] Error 2
